<?xml version="1.0" encoding="UTF-8"?>
<?xml-stylesheet type="text/xsl" href="junit.xsl"?>
<testsuites>
  <meta_test_info page_active="no-links" link_url=""/>
  <testsuite name="tests" tests="1" errors="1" failures="0" skipped="0" pending="0" total="1" time="0.004973">
    <properties>
[...]
</properties>
    <testcase classname="." name="class2_spec.rb" time="0.004448">
      <failure type="error" message="cannot load such file -- spec_helper_acceptance"><![CDATA[class2_spec.rb:1:in `require'\nclass2_spec.rb:1:in `block in run_test'\n/Users/bryanbelanger/.rvm/gems/ruby-2.3.3/gems/beaker-3.7.0/lib/beaker/test_case.rb:133:in `eval'\n/Users/bryanbelanger/.rvm/gems/ruby-2.3.3/gems/beaker-3.7.0/lib/beaker/test_case.rb:133:in `block in run_test'\n/Users/bryanbelanger/.rvm/rubies/ruby-2.3.3/lib/ruby/2.3.0/benchmark.rb:308:in `realtime'\n/Users/bryanbelanger/.rvm/gems/ruby-2.3.3/gems/beaker-3.7.0/lib/beaker/test_case.rb:130:in `run_test'\n/Users/bryanbelanger/.rvm/gems/ruby-2.3.3/gems/beaker-3.7.0/lib/beaker/test_suite.rb:325:in `block in run'\n/Users/bryanbelanger/.rvm/gems/ruby-2.3.3/gems/beaker-3.7.0/lib/beaker/test_suite.rb:322:in `each'\n/Users/bryanbelanger/.rvm/gems/ruby-2.3.3/gems/beaker-3.7.0/lib/beaker/test_suite.rb:322:in `run'\n/Users/bryanbelanger/.rvm/gems/ruby-2.3.3/gems/beaker-3.7.0/lib/beaker/test_suite.rb:371:in `run_and_raise_on_failure'\n/Users/bryanbelanger/.rvm/gems/ruby-2.3.3/gems/beaker-3.7.0/lib/beaker/cli.rb:181:in `run_suite'\n/Users/bryanbelanger/.rvm/gems/ruby-2.3.3/gems/beaker-3.7.0/lib/beaker/cli.rb:107:in `execute!'\n/Users/bryanbelanger/.rvm/gems/ruby-2.3.3/gems/beaker-3.7.0/bin/beaker:6:in `<top (required)>'\n/Users/bryanbelanger/.rvm/gems/ruby-2.3.3/bin/beaker:22:in `load'\n/Users/bryanbelanger/.rvm/gems/ruby-2.3.3/bin/beaker:22:in `<main>'\n/Users/bryanbelanger/.rvm/gems/ruby-2.3.3/bin/ruby_executable_hooks:15:in `eval'\n/Users/bryanbelanger/.rvm/gems/ruby-2.3.3/bin/ruby_executable_hooks:15:in `<main>']]></failure>
      <system-out><![CDATA[LoadError: cannot load such file -- spec_helper_acceptance
/Users/bryanbelanger/a-git/secure_tomcat/spec/acceptance/class2_spec.rb:1
/Users/bryanbelanger/a-git/secure_tomcat/spec/acceptance/class2_spec.rb:1
/Users/bryanbelanger/.rvm/gems/ruby-2.3.3/gems/beaker-3.7.0/bin/beaker:6
/Users/bryanbelanger/.rvm/gems/ruby-2.3.3/bin/ruby_executable_hooks:15
/Users/bryanbelanger/.rvm/gems/ruby-2.3.3/bin/ruby_executable_hooks:15
Begin teardown
End teardown
]]></system-out>
    </testcase>
  </testsuite>
</testsuites>
